<?xml version="1.0" encoding="UTF-8"?>
<!-- Generated by org.testng.reporters.JUnitReportReporter -->
<testsuite hostname="WKWIN5154091" failures="0" tests="1" name="com.qa.test.HttpClientPut" time="1.634" errors="0" timestamp="01 Dec 2019 12:50:43 GMT" skipped="0">
  <testcase classname="com.qa.test.HttpClientPut" name="updateUser" time="1.634"/>
</testsuite> <!-- com.qa.test.HttpClientPut -->
