<?xml version="1.0" encoding="UTF-8"?>
<!-- Generated by org.testng.reporters.JUnitReportReporter -->
<testsuite hostname="WKWIN5154091" failures="0" tests="1" name="com.qa.test.HttpClientGetCapitalInfo" time="1.543" errors="0" timestamp="01 Dec 2019 16:51:12 GMT" skipped="0">
  <testcase classname="com.qa.test.HttpClientGetCapitalInfo" name="getCapitalInfo" time="1.543"/>
</testsuite> <!-- com.qa.test.HttpClientGetCapitalInfo -->
