<?xml version="1.0" encoding="UTF-8"?>
<!-- Generated by org.testng.reporters.JUnitReportReporter -->
<testsuite hostname="WKWIN5154091" failures="0" tests="1" name="com.qa.test.HttpClientGet" time="1.983" errors="0" timestamp="30 Nov 2019 17:22:24 GMT" skipped="0">
  <testcase classname="com.qa.test.HttpClientGet" name="getCapitalInfo" time="1.983"/>
</testsuite> <!-- com.qa.test.HttpClientGet -->
