<?xml version="1.0" encoding="UTF-8"?>
<!-- Generated by org.testng.reporters.JUnitReportReporter -->
<testsuite hostname="WKWIN5154091" failures="0" tests="1" name="com.qa.test.HttpClientDelete" time="1.415" errors="0" timestamp="01 Dec 2019 12:55:04 GMT" skipped="0">
  <testcase classname="com.qa.test.HttpClientDelete" name="deleteUser" time="1.415"/>
</testsuite> <!-- com.qa.test.HttpClientDelete -->
